# JRE version: OpenJDK Runtime Environment Temurin-17.0.10+7 (17.0.10+7) (build 17.0.10+7)
# Java VM: OpenJDK 64-Bit Server VM Temurin-17.0.10+7 (17.0.10+7, mixed mode, tiered, compressed oops, compressed class ptrs, parallel gc, windows-amd64)
GC Precious Log:
 CPUs: 16 total, 16 available
 Memory: 16218M
 Large Page Support: Disabled
 NUMA Support: Disabled
 Compressed Oops: Enabled (32-bit)
 Alignments: Space 512K, Generation 512K, Heap 2M
 Heap Min Capacity: 100M
 Heap Initial Capacity: 100M
 Heap Max Capacity: 1G
 Pre-touch: Disabled
 Parallel Workers: 13
Heap:
 PSYoungGen      total 33280K, used 31848K [0x00000000eab00000, 0x00000000ed780000, 0x0000000100000000)
  eden space 24576K, 94% used [0x00000000eab00000,0x00000000ec1b25a0,0x00000000ec300000)
  from space 8704K, 98% used [0x00000000ecf00000,0x00000000ed767b90,0x00000000ed780000)
  to   space 10240K, 0% used [0x00000000ec380000,0x00000000ec380000,0x00000000ecd80000)
 ParOldGen       total 294912K, used 273888K [0x00000000c0000000, 0x00000000d2000000, 0x00000000eab00000)
  object space 294912K, 92% used [0x00000000c0000000,0x00000000d0b78358,0x00000000d2000000)
 Metaspace       used 64084K, committed 65152K, reserved 1114112K
  class space    used 7359K, committed 7872K, reserved 1048576K
GC Heap History (20 events):
Event: 7.736 GC heap before
{Heap before GC invocations=132 (full 9):
 PSYoungGen      total 29184K, used 22528K [0x00000000eab00000, 0x00000000ece00000, 0x0000000100000000)
  eden space 22528K, 100% used [0x00000000eab00000,0x00000000ec100000,0x00000000ec100000)
  from space 6656K, 0% used [0x00000000ec780000,0x00000000ec780000,0x00000000ece00000)
  to   space 6656K, 0% used [0x00000000ec100000,0x00000000ec100000,0x00000000ec780000)
 ParOldGen       total 294912K, used 232609K [0x00000000c0000000, 0x00000000d2000000, 0x00000000eab00000)
  object space 294912K, 78% used [0x00000000c0000000,0x00000000ce3285d0,0x00000000d2000000)
 Metaspace       used 63360K, committed 64320K, reserved 1114112K
  class space    used 7286K, committed 7744K, reserved 1048576K
}
Event: 7.739 GC heap after
{Heap after GC invocations=132 (full 9):
 PSYoungGen      total 27648K, used 5081K [0x00000000eab00000, 0x00000000ecc00000, 0x0000000100000000)
  eden space 22528K, 0% used [0x00000000eab00000,0x00000000eab00000,0x00000000ec100000)
  from space 5120K, 99% used [0x00000000ec100000,0x00000000ec5f65b0,0x00000000ec600000)
  to   space 5632K, 0% used [0x00000000ec680000,0x00000000ec680000,0x00000000ecc00000)
 ParOldGen       total 294912K, used 232609K [0x00000000c0000000, 0x00000000d2000000, 0x00000000eab00000)
  object space 294912K, 78% used [0x00000000c0000000,0x00000000ce3285d0,0x00000000d2000000)
 Metaspace       used 63360K, committed 64320K, reserved 1114112K
  class space    used 7286K, committed 7744K, reserved 1048576K
}
Event: 7.783 GC heap before
{Heap before GC invocations=133 (full 9):
 PSYoungGen      total 27648K, used 27609K [0x00000000eab00000, 0x00000000ecc00000, 0x0000000100000000)
  eden space 22528K, 100% used [0x00000000eab00000,0x00000000ec100000,0x00000000ec100000)
  from space 5120K, 99% used [0x00000000ec100000,0x00000000ec5f65b0,0x00000000ec600000)
  to   space 5632K, 0% used [0x00000000ec680000,0x00000000ec680000,0x00000000ecc00000)
 ParOldGen       total 294912K, used 232609K [0x00000000c0000000, 0x00000000d2000000, 0x00000000eab00000)
  object space 294912K, 78% used [0x00000000c0000000,0x00000000ce3285d0,0x00000000d2000000)
 Metaspace       used 63360K, committed 64320K, reserved 1114112K
  class space    used 7286K, committed 7744K, reserved 1048576K
}
Event: 7.787 GC heap after
{Heap after GC invocations=133 (full 9):
 PSYoungGen      total 23040K, used 5630K [0x00000000eab00000, 0x00000000ed600000, 0x0000000100000000)
  eden space 17408K, 0% used [0x00000000eab00000,0x00000000eab00000,0x00000000ebc00000)
  from space 5632K, 99% used [0x00000000ec680000,0x00000000ecbffb90,0x00000000ecc00000)
  to   space 10752K, 0% used [0x00000000ebc00000,0x00000000ebc00000,0x00000000ec680000)
 ParOldGen       total 294912K, used 236876K [0x00000000c0000000, 0x00000000d2000000, 0x00000000eab00000)
  object space 294912K, 80% used [0x00000000c0000000,0x00000000ce7533c8,0x00000000d2000000)
 Metaspace       used 63360K, committed 64320K, reserved 1114112K
  class space    used 7286K, committed 7744K, reserved 1048576K
}
Event: 7.811 GC heap before
{Heap before GC invocations=134 (full 9):
 PSYoungGen      total 23040K, used 23038K [0x00000000eab00000, 0x00000000ed600000, 0x0000000100000000)
  eden space 17408K, 100% used [0x00000000eab00000,0x00000000ebc00000,0x00000000ebc00000)
  from space 5632K, 99% used [0x00000000ec680000,0x00000000ecbffb90,0x00000000ecc00000)
  to   space 10752K, 0% used [0x00000000ebc00000,0x00000000ebc00000,0x00000000ec680000)
 ParOldGen       total 294912K, used 236876K [0x00000000c0000000, 0x00000000d2000000, 0x00000000eab00000)
  object space 294912K, 80% used [0x00000000c0000000,0x00000000ce7533c8,0x00000000d2000000)
 Metaspace       used 63360K, committed 64320K, reserved 1114112K
  class space    used 7286K, committed 7744K, reserved 1048576K
}
Event: 7.815 GC heap after
{Heap after GC invocations=134 (full 9):
 PSYoungGen      total 21504K, used 3866K [0x00000000eab00000, 0x00000000ec800000, 0x0000000100000000)
  eden space 17408K, 0% used [0x00000000eab00000,0x00000000eab00000,0x00000000ebc00000)
  from space 4096K, 94% used [0x00000000ebc00000,0x00000000ebfc6bc0,0x00000000ec000000)
  to   space 6144K, 0% used [0x00000000ec200000,0x00000000ec200000,0x00000000ec800000)
 ParOldGen       total 294912K, used 242436K [0x00000000c0000000, 0x00000000d2000000, 0x00000000eab00000)
  object space 294912K, 82% used [0x00000000c0000000,0x00000000cecc1140,0x00000000d2000000)
 Metaspace       used 63360K, committed 64320K, reserved 1114112K
  class space    used 7286K, committed 7744K, reserved 1048576K
}
Event: 7.838 GC heap before
{Heap before GC invocations=135 (full 9):
 PSYoungGen      total 21504K, used 21274K [0x00000000eab00000, 0x00000000ec800000, 0x0000000100000000)
  eden space 17408K, 100% used [0x00000000eab00000,0x00000000ebc00000,0x00000000ebc00000)
  from space 4096K, 94% used [0x00000000ebc00000,0x00000000ebfc6bc0,0x00000000ec000000)
  to   space 6144K, 0% used [0x00000000ec200000,0x00000000ec200000,0x00000000ec800000)
 ParOldGen       total 294912K, used 242436K [0x00000000c0000000, 0x00000000d2000000, 0x00000000eab00000)
  object space 294912K, 82% used [0x00000000c0000000,0x00000000cecc1140,0x00000000d2000000)
 Metaspace       used 63360K, committed 64320K, reserved 1114112K
  class space    used 7286K, committed 7744K, reserved 1048576K
}
Event: 7.841 GC heap after
{Heap after GC invocations=135 (full 9):
 PSYoungGen      total 21504K, used 6131K [0x00000000eab00000, 0x00000000ece00000, 0x0000000100000000)
  eden space 15360K, 0% used [0x00000000eab00000,0x00000000eab00000,0x00000000eba00000)
  from space 6144K, 99% used [0x00000000ec200000,0x00000000ec7fcfe8,0x00000000ec800000)
  to   space 8192K, 0% used [0x00000000eba00000,0x00000000eba00000,0x00000000ec200000)
 ParOldGen       total 294912K, used 243785K [0x00000000c0000000, 0x00000000d2000000, 0x00000000eab00000)
  object space 294912K, 82% used [0x00000000c0000000,0x00000000cee12420,0x00000000d2000000)
 Metaspace       used 63360K, committed 64320K, reserved 1114112K
  class space    used 7286K, committed 7744K, reserved 1048576K
}
Event: 7.862 GC heap before
{Heap before GC invocations=136 (full 9):
 PSYoungGen      total 21504K, used 21491K [0x00000000eab00000, 0x00000000ece00000, 0x0000000100000000)
  eden space 15360K, 100% used [0x00000000eab00000,0x00000000eba00000,0x00000000eba00000)
  from space 6144K, 99% used [0x00000000ec200000,0x00000000ec7fcfe8,0x00000000ec800000)
  to   space 8192K, 0% used [0x00000000eba00000,0x00000000eba00000,0x00000000ec200000)
 ParOldGen       total 294912K, used 243785K [0x00000000c0000000, 0x00000000d2000000, 0x00000000eab00000)
  object space 294912K, 82% used [0x00000000c0000000,0x00000000cee12420,0x00000000d2000000)
 Metaspace       used 63360K, committed 64320K, reserved 1114112K
  class space    used 7286K, committed 7744K, reserved 1048576K
}
Event: 7.866 GC heap after
{Heap after GC invocations=136 (full 9):
 PSYoungGen      total 18944K, used 3486K [0x00000000eab00000, 0x00000000ec580000, 0x0000000100000000)
  eden space 15360K, 0% used [0x00000000eab00000,0x00000000eab00000,0x00000000eba00000)
  from space 3584K, 97% used [0x00000000eba00000,0x00000000ebd678a0,0x00000000ebd80000)
  to   space 5120K, 0% used [0x00000000ec080000,0x00000000ec080000,0x00000000ec580000)
 ParOldGen       total 294912K, used 249865K [0x00000000c0000000, 0x00000000d2000000, 0x00000000eab00000)
  object space 294912K, 84% used [0x00000000c0000000,0x00000000cf402798,0x00000000d2000000)
 Metaspace       used 63360K, committed 64320K, reserved 1114112K
  class space    used 7286K, committed 7744K, reserved 1048576K
}
Event: 7.880 GC heap before
{Heap before GC invocations=137 (full 9):
 PSYoungGen      total 18944K, used 18846K [0x00000000eab00000, 0x00000000ec580000, 0x0000000100000000)
  eden space 15360K, 100% used [0x00000000eab00000,0x00000000eba00000,0x00000000eba00000)
  from space 3584K, 97% used [0x00000000eba00000,0x00000000ebd678a0,0x00000000ebd80000)
  to   space 5120K, 0% used [0x00000000ec080000,0x00000000ec080000,0x00000000ec580000)
 ParOldGen       total 294912K, used 249865K [0x00000000c0000000, 0x00000000d2000000, 0x00000000eab00000)
  object space 294912K, 84% used [0x00000000c0000000,0x00000000cf402798,0x00000000d2000000)
 Metaspace       used 63360K, committed 64320K, reserved 1114112K
  class space    used 7286K, committed 7744K, reserved 1048576K
}
Event: 7.883 GC heap after
{Heap after GC invocations=137 (full 9):
 PSYoungGen      total 22016K, used 4328K [0x00000000eab00000, 0x00000000ec500000, 0x0000000100000000)
  eden space 17408K, 0% used [0x00000000eab00000,0x00000000eab00000,0x00000000ebc00000)
  from space 4608K, 93% used [0x00000000ec080000,0x00000000ec4ba388,0x00000000ec500000)
  to   space 4608K, 0% used [0x00000000ebc00000,0x00000000ebc00000,0x00000000ec080000)
 ParOldGen       total 294912K, used 253264K [0x00000000c0000000, 0x00000000d2000000, 0x00000000eab00000)
  object space 294912K, 85% used [0x00000000c0000000,0x00000000cf754300,0x00000000d2000000)
 Metaspace       used 63360K, committed 64320K, reserved 1114112K
  class space    used 7286K, committed 7744K, reserved 1048576K
}
Event: 7.900 GC heap before
{Heap before GC invocations=138 (full 9):
 PSYoungGen      total 22016K, used 21736K [0x00000000eab00000, 0x00000000ec500000, 0x0000000100000000)
  eden space 17408K, 100% used [0x00000000eab00000,0x00000000ebc00000,0x00000000ebc00000)
  from space 4608K, 93% used [0x00000000ec080000,0x00000000ec4ba388,0x00000000ec500000)
  to   space 4608K, 0% used [0x00000000ebc00000,0x00000000ebc00000,0x00000000ec080000)
 ParOldGen       total 294912K, used 253264K [0x00000000c0000000, 0x00000000d2000000, 0x00000000eab00000)
  object space 294912K, 85% used [0x00000000c0000000,0x00000000cf754300,0x00000000d2000000)
 Metaspace       used 63360K, committed 64320K, reserved 1114112K
  class space    used 7286K, committed 7744K, reserved 1048576K
}
Event: 7.905 GC heap after
{Heap after GC invocations=138 (full 9):
 PSYoungGen      total 22016K, used 4596K [0x00000000eab00000, 0x00000000ed100000, 0x0000000100000000)
  eden space 17408K, 0% used [0x00000000eab00000,0x00000000eab00000,0x00000000ebc00000)
  from space 4608K, 99% used [0x00000000ebc00000,0x00000000ec07d080,0x00000000ec080000)
  to   space 9728K, 0% used [0x00000000ec780000,0x00000000ec780000,0x00000000ed100000)
 ParOldGen       total 294912K, used 257469K [0x00000000c0000000, 0x00000000d2000000, 0x00000000eab00000)
  object space 294912K, 87% used [0x00000000c0000000,0x00000000cfb6f400,0x00000000d2000000)
 Metaspace       used 63360K, committed 64320K, reserved 1114112K
  class space    used 7286K, committed 7744K, reserved 1048576K
}
Event: 7.916 GC heap before
{Heap before GC invocations=139 (full 9):
 PSYoungGen      total 22016K, used 22004K [0x00000000eab00000, 0x00000000ed100000, 0x0000000100000000)
  eden space 17408K, 100% used [0x00000000eab00000,0x00000000ebc00000,0x00000000ebc00000)
  from space 4608K, 99% used [0x00000000ebc00000,0x00000000ec07d080,0x00000000ec080000)
  to   space 9728K, 0% used [0x00000000ec780000,0x00000000ec780000,0x00000000ed100000)
 ParOldGen       total 294912K, used 257469K [0x00000000c0000000, 0x00000000d2000000, 0x00000000eab00000)
  object space 294912K, 87% used [0x00000000c0000000,0x00000000cfb6f400,0x00000000d2000000)
 Metaspace       used 63360K, committed 64320K, reserved 1114112K
  class space    used 7286K, committed 7744K, reserved 1048576K
}
Event: 7.921 GC heap after
{Heap after GC invocations=139 (full 9):
 PSYoungGen      total 25600K, used 5236K [0x00000000eab00000, 0x00000000ecd00000, 0x0000000100000000)
  eden space 19968K, 0% used [0x00000000eab00000,0x00000000eab00000,0x00000000ebe80000)
  from space 5632K, 92% used [0x00000000ec780000,0x00000000ecc9d180,0x00000000ecd00000)
  to   space 6656K, 0% used [0x00000000ec000000,0x00000000ec000000,0x00000000ec680000)
 ParOldGen       total 294912K, used 261863K [0x00000000c0000000, 0x00000000d2000000, 0x00000000eab00000)
  object space 294912K, 88% used [0x00000000c0000000,0x00000000cffb9f20,0x00000000d2000000)
 Metaspace       used 63360K, committed 64320K, reserved 1114112K
  class space    used 7286K, committed 7744K, reserved 1048576K
}
Event: 7.929 GC heap before
{Heap before GC invocations=140 (full 9):
 PSYoungGen      total 25600K, used 25204K [0x00000000eab00000, 0x00000000ecd00000, 0x0000000100000000)
  eden space 19968K, 100% used [0x00000000eab00000,0x00000000ebe80000,0x00000000ebe80000)
  from space 5632K, 92% used [0x00000000ec780000,0x00000000ecc9d180,0x00000000ecd00000)
  to   space 6656K, 0% used [0x00000000ec000000,0x00000000ec000000,0x00000000ec680000)
 ParOldGen       total 294912K, used 261863K [0x00000000c0000000, 0x00000000d2000000, 0x00000000eab00000)
  object space 294912K, 88% used [0x00000000c0000000,0x00000000cffb9f20,0x00000000d2000000)
 Metaspace       used 63360K, committed 64320K, reserved 1114112K
  class space    used 7286K, committed 7744K, reserved 1048576K
}
Event: 7.933 GC heap after
{Heap after GC invocations=140 (full 9):
 PSYoungGen      total 28160K, used 6636K [0x00000000eab00000, 0x00000000edc80000, 0x0000000100000000)
  eden space 21504K, 0% used [0x00000000eab00000,0x00000000eab00000,0x00000000ec000000)
  from space 6656K, 99% used [0x00000000ec000000,0x00000000ec67b3e8,0x00000000ec680000)
  to   space 13824K, 0% used [0x00000000ecf00000,0x00000000ecf00000,0x00000000edc80000)
 ParOldGen       total 294912K, used 267504K [0x00000000c0000000, 0x00000000d2000000, 0x00000000eab00000)
  object space 294912K, 90% used [0x00000000c0000000,0x00000000d053c0c0,0x00000000d2000000)
 Metaspace       used 63360K, committed 64320K, reserved 1114112K
  class space    used 7286K, committed 7744K, reserved 1048576K
}
Event: 7.941 GC heap before
{Heap before GC invocations=141 (full 9):
 PSYoungGen      total 28160K, used 28140K [0x00000000eab00000, 0x00000000edc80000, 0x0000000100000000)
  eden space 21504K, 100% used [0x00000000eab00000,0x00000000ec000000,0x00000000ec000000)
  from space 6656K, 99% used [0x00000000ec000000,0x00000000ec67b3e8,0x00000000ec680000)
  to   space 13824K, 0% used [0x00000000ecf00000,0x00000000ecf00000,0x00000000edc80000)
 ParOldGen       total 294912K, used 267504K [0x00000000c0000000, 0x00000000d2000000, 0x00000000eab00000)
  object space 294912K, 90% used [0x00000000c0000000,0x00000000d053c0c0,0x00000000d2000000)
 Metaspace       used 63360K, committed 64320K, reserved 1114112K
  class space    used 7286K, committed 7744K, reserved 1048576K
}
Event: 7.944 GC heap after
{Heap after GC invocations=141 (full 9):
 PSYoungGen      total 33280K, used 8606K [0x00000000eab00000, 0x00000000ed780000, 0x0000000100000000)
  eden space 24576K, 0% used [0x00000000eab00000,0x00000000eab00000,0x00000000ec300000)
  from space 8704K, 98% used [0x00000000ecf00000,0x00000000ed767b90,0x00000000ed780000)
  to   space 10240K, 0% used [0x00000000ec380000,0x00000000ec380000,0x00000000ecd80000)
 ParOldGen       total 294912K, used 273888K [0x00000000c0000000, 0x00000000d2000000, 0x00000000eab00000)
  object space 294912K, 92% used [0x00000000c0000000,0x00000000d0b78358,0x00000000d2000000)
 Metaspace       used 63360K, committed 64320K, reserved 1114112K
  class space    used 7286K, committed 7744K, reserved 1048576K
}

