# JRE version: OpenJDK Runtime Environment Temurin-17.0.8+7 (17.0.8+7) (build 17.0.8+7)
# Java VM: OpenJDK 64-Bit Server VM Temurin-17.0.8+7 (17.0.8+7, mixed mode, sharing, tiered, compressed oops, compressed class ptrs, g1 gc, windows-amd64)
GC Precious Log:
 CPUs: 16 total, 16 available
 Memory: 16218M
 Large Page Support: Disabled
 NUMA Support: Disabled
 Compressed Oops: Enabled (32-bit)
 Heap Region Size: 1M
 Heap Min Capacity: 8M
 Heap Initial Capacity: 254M
 Heap Max Capacity: 2G
 Pre-touch: Disabled
 Parallel Workers: 13
 Concurrent Workers: 3
 Concurrent Refinement Workers: 13
 Periodic GC: Disabled
Heap:
 garbage-first heap   total 179200K, used 89554K [0x0000000080000000, 0x0000000100000000)
  region size 1024K, 7 young (7168K), 3 survivors (3072K)
 Metaspace       used 76384K, committed 77120K, reserved 557056K
  class space    used 10618K, committed 10944K, reserved 425984K
GC Heap History (20 events):
Event: 7.576 GC heap before
{Heap before GC invocations=28 (full 0):
 garbage-first heap   total 125952K, used 100023K [0x0000000080000000, 0x0000000100000000)
  region size 1024K, 42 young (43008K), 5 survivors (5120K)
 Metaspace       used 63133K, committed 63808K, reserved 491520K
  class space    used 8908K, committed 9216K, reserved 425984K
}
Event: 7.580 GC heap after
{Heap after GC invocations=29 (full 0):
 garbage-first heap   total 125952K, used 65427K [0x0000000080000000, 0x0000000100000000)
  region size 1024K, 6 young (6144K), 6 survivors (6144K)
 Metaspace       used 63133K, committed 63808K, reserved 491520K
  class space    used 8908K, committed 9216K, reserved 425984K
}
Event: 8.137 GC heap before
{Heap before GC invocations=29 (full 0):
 garbage-first heap   total 125952K, used 101267K [0x0000000080000000, 0x0000000100000000)
  region size 1024K, 41 young (41984K), 6 survivors (6144K)
 Metaspace       used 65723K, committed 66432K, reserved 491520K
  class space    used 9305K, committed 9600K, reserved 425984K
}
Event: 8.141 GC heap after
{Heap after GC invocations=30 (full 0):
 garbage-first heap   total 125952K, used 67715K [0x0000000080000000, 0x0000000100000000)
  region size 1024K, 6 young (6144K), 6 survivors (6144K)
 Metaspace       used 65723K, committed 66432K, reserved 491520K
  class space    used 9305K, committed 9600K, reserved 425984K
}
Event: 8.367 GC heap before
{Heap before GC invocations=31 (full 0):
 garbage-first heap   total 125952K, used 78979K [0x0000000080000000, 0x0000000100000000)
  region size 1024K, 19 young (19456K), 6 survivors (6144K)
 Metaspace       used 66274K, committed 66944K, reserved 491520K
  class space    used 9370K, committed 9664K, reserved 425984K
}
Event: 8.369 GC heap after
{Heap after GC invocations=32 (full 0):
 garbage-first heap   total 125952K, used 68473K [0x0000000080000000, 0x0000000100000000)
  region size 1024K, 4 young (4096K), 4 survivors (4096K)
 Metaspace       used 66274K, committed 66944K, reserved 491520K
  class space    used 9370K, committed 9664K, reserved 425984K
}
Event: 8.407 GC heap before
{Heap before GC invocations=33 (full 0):
 garbage-first heap   total 128000K, used 75641K [0x0000000080000000, 0x0000000100000000)
  region size 1024K, 10 young (10240K), 4 survivors (4096K)
 Metaspace       used 66276K, committed 66944K, reserved 491520K
  class space    used 9370K, committed 9664K, reserved 425984K
}
Event: 8.409 GC heap after
{Heap after GC invocations=34 (full 0):
 garbage-first heap   total 128000K, used 76362K [0x0000000080000000, 0x0000000100000000)
  region size 1024K, 5 young (5120K), 5 survivors (5120K)
 Metaspace       used 66276K, committed 66944K, reserved 491520K
  class space    used 9370K, committed 9664K, reserved 425984K
}
Event: 8.506 GC heap before
{Heap before GC invocations=35 (full 0):
 garbage-first heap   total 138240K, used 95818K [0x0000000080000000, 0x0000000100000000)
  region size 1024K, 23 young (23552K), 5 survivors (5120K)
 Metaspace       used 67335K, committed 68032K, reserved 491520K
  class space    used 9506K, committed 9856K, reserved 425984K
}
Event: 8.508 GC heap after
{Heap after GC invocations=36 (full 0):
 garbage-first heap   total 138240K, used 80028K [0x0000000080000000, 0x0000000100000000)
  region size 1024K, 3 young (3072K), 3 survivors (3072K)
 Metaspace       used 67335K, committed 68032K, reserved 491520K
  class space    used 9506K, committed 9856K, reserved 425984K
}
Event: 8.522 GC heap before
{Heap before GC invocations=36 (full 0):
 garbage-first heap   total 138240K, used 83100K [0x0000000080000000, 0x0000000100000000)
  region size 1024K, 6 young (6144K), 3 survivors (3072K)
 Metaspace       used 67597K, committed 68288K, reserved 491520K
  class space    used 9535K, committed 9856K, reserved 425984K
}
Event: 8.523 GC heap after
{Heap after GC invocations=37 (full 0):
 garbage-first heap   total 138240K, used 79929K [0x0000000080000000, 0x0000000100000000)
  region size 1024K, 1 young (1024K), 1 survivors (1024K)
 Metaspace       used 67597K, committed 68288K, reserved 491520K
  class space    used 9535K, committed 9856K, reserved 425984K
}
Event: 8.671 GC heap before
{Heap before GC invocations=37 (full 0):
 garbage-first heap   total 138240K, used 101433K [0x0000000080000000, 0x0000000100000000)
  region size 1024K, 23 young (23552K), 1 survivors (1024K)
 Metaspace       used 69591K, committed 70272K, reserved 491520K
  class space    used 9744K, committed 10048K, reserved 425984K
}
Event: 8.672 GC heap after
{Heap after GC invocations=38 (full 0):
 garbage-first heap   total 179200K, used 80472K [0x0000000080000000, 0x0000000100000000)
  region size 1024K, 1 young (1024K), 1 survivors (1024K)
 Metaspace       used 69591K, committed 70272K, reserved 491520K
  class space    used 9744K, committed 10048K, reserved 425984K
}
Event: 9.002 GC heap before
{Heap before GC invocations=39 (full 0):
 garbage-first heap   total 179200K, used 130648K [0x0000000080000000, 0x0000000100000000)
  region size 1024K, 44 young (45056K), 1 survivors (1024K)
 Metaspace       used 72744K, committed 73472K, reserved 491520K
  class space    used 10142K, committed 10496K, reserved 425984K
}
Event: 9.004 GC heap after
{Heap after GC invocations=40 (full 0):
 garbage-first heap   total 179200K, used 84710K [0x0000000080000000, 0x0000000100000000)
  region size 1024K, 5 young (5120K), 5 survivors (5120K)
 Metaspace       used 72744K, committed 73472K, reserved 491520K
  class space    used 10142K, committed 10496K, reserved 425984K
}
Event: 9.026 GC heap before
{Heap before GC invocations=40 (full 0):
 garbage-first heap   total 179200K, used 87782K [0x0000000080000000, 0x0000000100000000)
  region size 1024K, 8 young (8192K), 5 survivors (5120K)
 Metaspace       used 73051K, committed 73728K, reserved 491520K
  class space    used 10170K, committed 10496K, reserved 425984K
}
Event: 9.028 GC heap after
{Heap after GC invocations=41 (full 0):
 garbage-first heap   total 179200K, used 84616K [0x0000000080000000, 0x0000000100000000)
  region size 1024K, 1 young (1024K), 1 survivors (1024K)
 Metaspace       used 73051K, committed 73728K, reserved 491520K
  class space    used 10170K, committed 10496K, reserved 425984K
}
Event: 9.367 GC heap before
{Heap before GC invocations=41 (full 0):
 garbage-first heap   total 179200K, used 128648K [0x0000000080000000, 0x0000000100000000)
  region size 1024K, 44 young (45056K), 1 survivors (1024K)
 Metaspace       used 76111K, committed 76800K, reserved 557056K
  class space    used 10564K, committed 10880K, reserved 425984K
}
Event: 9.369 GC heap after
{Heap after GC invocations=42 (full 0):
 garbage-first heap   total 179200K, used 86482K [0x0000000080000000, 0x0000000100000000)
  region size 1024K, 3 young (3072K), 3 survivors (3072K)
 Metaspace       used 76111K, committed 76800K, reserved 557056K
  class space    used 10564K, committed 10880K, reserved 425984K
}

