# JRE version: OpenJDK Runtime Environment Temurin-17.0.8+7 (17.0.8+7) (build 17.0.8+7)
# Java VM: OpenJDK 64-Bit Server VM Temurin-17.0.8+7 (17.0.8+7, mixed mode, sharing, tiered, compressed oops, compressed class ptrs, g1 gc, windows-amd64)
GC Precious Log:
 CPUs: 16 total, 16 available
 Memory: 16218M
 Large Page Support: Disabled
 NUMA Support: Disabled
 Compressed Oops: Enabled (32-bit)
 Heap Region Size: 1M
 Heap Min Capacity: 8M
 Heap Initial Capacity: 254M
 Heap Max Capacity: 2G
 Pre-touch: Disabled
 Parallel Workers: 13
 Concurrent Workers: 3
 Concurrent Refinement Workers: 13
 Periodic GC: Disabled
Heap:
 garbage-first heap   total 89088K, used 64908K [0x0000000080000000, 0x0000000100000000)
  region size 1024K, 17 young (17408K), 3 survivors (3072K)
 Metaspace       used 50199K, committed 50816K, reserved 491520K
  class space    used 7042K, committed 7296K, reserved 425984K
GC Heap History (20 events):
Event: 3.008 GC heap before
{Heap before GC invocations=5 (full 0):
 garbage-first heap   total 81920K, used 59396K [0x0000000080000000, 0x0000000100000000)
  region size 1024K, 37 young (37888K), 3 survivors (3072K)
 Metaspace       used 31094K, committed 31488K, reserved 491520K
  class space    used 4353K, committed 4544K, reserved 425984K
}
Event: 3.010 GC heap after
{Heap after GC invocations=6 (full 0):
 garbage-first heap   total 81920K, used 28650K [0x0000000080000000, 0x0000000100000000)
  region size 1024K, 5 young (5120K), 5 survivors (5120K)
 Metaspace       used 31094K, committed 31488K, reserved 491520K
  class space    used 4353K, committed 4544K, reserved 425984K
}
Event: 5.213 GC heap before
{Heap before GC invocations=6 (full 0):
 garbage-first heap   total 81920K, used 65514K [0x0000000080000000, 0x0000000100000000)
  region size 1024K, 37 young (37888K), 5 survivors (5120K)
 Metaspace       used 33451K, committed 33856K, reserved 491520K
  class space    used 4593K, committed 4800K, reserved 425984K
}
Event: 5.215 GC heap after
{Heap after GC invocations=7 (full 0):
 garbage-first heap   total 81920K, used 32308K [0x0000000080000000, 0x0000000100000000)
  region size 1024K, 4 young (4096K), 4 survivors (4096K)
 Metaspace       used 33451K, committed 33856K, reserved 491520K
  class space    used 4593K, committed 4800K, reserved 425984K
}
Event: 5.391 GC heap before
{Heap before GC invocations=7 (full 0):
 garbage-first heap   total 81920K, used 62004K [0x0000000080000000, 0x0000000100000000)
  region size 1024K, 33 young (33792K), 4 survivors (4096K)
 Metaspace       used 35020K, committed 35520K, reserved 491520K
  class space    used 4833K, committed 5056K, reserved 425984K
}
Event: 5.392 GC heap after
{Heap after GC invocations=8 (full 0):
 garbage-first heap   total 81920K, used 34019K [0x0000000080000000, 0x0000000100000000)
  region size 1024K, 2 young (2048K), 2 survivors (2048K)
 Metaspace       used 35020K, committed 35520K, reserved 491520K
  class space    used 4833K, committed 5056K, reserved 425984K
}
Event: 5.436 GC heap before
{Heap before GC invocations=8 (full 0):
 garbage-first heap   total 81920K, used 40163K [0x0000000080000000, 0x0000000100000000)
  region size 1024K, 8 young (8192K), 2 survivors (2048K)
 Metaspace       used 35672K, committed 36096K, reserved 491520K
  class space    used 4847K, committed 5056K, reserved 425984K
}
Event: 5.437 GC heap after
{Heap after GC invocations=9 (full 0):
 garbage-first heap   total 81920K, used 35045K [0x0000000080000000, 0x0000000100000000)
  region size 1024K, 2 young (2048K), 2 survivors (2048K)
 Metaspace       used 35672K, committed 36096K, reserved 491520K
  class space    used 4847K, committed 5056K, reserved 425984K
}
Event: 5.748 GC heap before
{Heap before GC invocations=10 (full 0):
 garbage-first heap   total 81920K, used 62693K [0x0000000080000000, 0x0000000100000000)
  region size 1024K, 30 young (30720K), 2 survivors (2048K)
 Metaspace       used 38772K, committed 39232K, reserved 491520K
  class space    used 5350K, committed 5568K, reserved 425984K
}
Event: 5.750 GC heap after
{Heap after GC invocations=11 (full 0):
 garbage-first heap   total 81920K, used 35559K [0x0000000080000000, 0x0000000100000000)
  region size 1024K, 4 young (4096K), 4 survivors (4096K)
 Metaspace       used 38772K, committed 39232K, reserved 491520K
  class space    used 5350K, committed 5568K, reserved 425984K
}
Event: 6.003 GC heap before
{Heap before GC invocations=11 (full 0):
 garbage-first heap   total 81920K, used 64231K [0x0000000080000000, 0x0000000100000000)
  region size 1024K, 32 young (32768K), 4 survivors (4096K)
 Metaspace       used 41629K, committed 42176K, reserved 491520K
  class space    used 5795K, committed 6016K, reserved 425984K
}
Event: 6.004 GC heap after
{Heap after GC invocations=12 (full 0):
 garbage-first heap   total 81920K, used 37084K [0x0000000080000000, 0x0000000100000000)
  region size 1024K, 4 young (4096K), 4 survivors (4096K)
 Metaspace       used 41629K, committed 42176K, reserved 491520K
  class space    used 5795K, committed 6016K, reserved 425984K
}
Event: 6.353 GC heap before
{Heap before GC invocations=12 (full 0):
 garbage-first heap   total 81920K, used 65756K [0x0000000080000000, 0x0000000100000000)
  region size 1024K, 32 young (32768K), 4 survivors (4096K)
 Metaspace       used 45155K, committed 45760K, reserved 491520K
  class space    used 6360K, committed 6656K, reserved 425984K
}
Event: 6.355 GC heap after
{Heap after GC invocations=13 (full 0):
 garbage-first heap   total 81920K, used 38657K [0x0000000080000000, 0x0000000100000000)
  region size 1024K, 4 young (4096K), 4 survivors (4096K)
 Metaspace       used 45155K, committed 45760K, reserved 491520K
  class space    used 6360K, committed 6656K, reserved 425984K
}
Event: 6.595 GC heap before
{Heap before GC invocations=13 (full 0):
 garbage-first heap   total 81920K, used 54017K [0x0000000080000000, 0x0000000100000000)
  region size 1024K, 21 young (21504K), 4 survivors (4096K)
 Metaspace       used 46640K, committed 47168K, reserved 491520K
  class space    used 6548K, committed 6784K, reserved 425984K
}
Event: 6.597 GC heap after
{Heap after GC invocations=14 (full 0):
 garbage-first heap   total 81920K, used 40316K [0x0000000080000000, 0x0000000100000000)
  region size 1024K, 4 young (4096K), 4 survivors (4096K)
 Metaspace       used 46640K, committed 47168K, reserved 491520K
  class space    used 6548K, committed 6784K, reserved 425984K
}
Event: 6.623 GC heap before
{Heap before GC invocations=15 (full 0):
 garbage-first heap   total 81920K, used 47484K [0x0000000080000000, 0x0000000100000000)
  region size 1024K, 8 young (8192K), 4 survivors (4096K)
 Metaspace       used 46749K, committed 47296K, reserved 491520K
  class space    used 6564K, committed 6784K, reserved 425984K
}
Event: 6.624 GC heap after
{Heap after GC invocations=16 (full 0):
 garbage-first heap   total 81920K, used 45381K [0x0000000080000000, 0x0000000100000000)
  region size 1024K, 3 young (3072K), 3 survivors (3072K)
 Metaspace       used 46749K, committed 47296K, reserved 491520K
  class space    used 6564K, committed 6784K, reserved 425984K
}
Event: 6.839 GC heap before
{Heap before GC invocations=17 (full 0):
 garbage-first heap   total 89088K, used 67909K [0x0000000080000000, 0x0000000100000000)
  region size 1024K, 21 young (21504K), 3 survivors (3072K)
 Metaspace       used 49094K, committed 49664K, reserved 491520K
  class space    used 6861K, committed 7104K, reserved 425984K
}
Event: 6.841 GC heap after
{Heap after GC invocations=18 (full 0):
 garbage-first heap   total 89088K, used 51596K [0x0000000080000000, 0x0000000100000000)
  region size 1024K, 3 young (3072K), 3 survivors (3072K)
 Metaspace       used 49094K, committed 49664K, reserved 491520K
  class space    used 6861K, committed 7104K, reserved 425984K
}

